Using pre-set license
Built from '2020.2/staging' branch; Version is '2020.2.6f1 (8a2143876886) revision 9052483'; Using compiler version '192528614'; Build Type 'Release'
OS: 'Windows 10 Pro; OS build 19041.867; Version 2004; 64bit' Language: 'en' Physical Memory: 16265 MB
BatchMode: 1, IsHumanControllingUs: 0, StartBugReporterOnCrash: 0, Is64bit: 1, IsPro: 0

 COMMAND LINE ARGUMENTS:
C:\Program Files\Unity\Hub\Editor\2020.2.6f1\Editor\Unity.exe
-adb2
-batchMode
-noUpm
-name
AssetImportWorker0
-projectPath
C:/Users/Laptop/Downloads/NewPlatformer-main/Platformer
-logFile
Logs/AssetImportWorker0.log
-srvPort
57283
Successfully changed project path to: C:/Users/Laptop/Downloads/NewPlatformer-main/Platformer
C:/Users/Laptop/Downloads/NewPlatformer-main/Platformer
Using Asset Import Pipeline V2.
Refreshing native plugins compatible for Editor in 48.94 ms, found 1 plugins.
Preloading 0 native plugins for Editor in 0.00 ms.
Initialize engine version: 2020.2.6f1 (8a2143876886)
[Subsystems] Discovering subsystems at path C:/Program Files/Unity/Hub/Editor/2020.2.6f1/Editor/Data/Resources/UnitySubsystems
[Subsystems] Discovering subsystems at path C:/Users/Laptop/Downloads/NewPlatformer-main/Platformer/Assets
GfxDevice: creating device client; threaded=0
Direct3D:
    Version:  Direct3D 11.0 [level 11.0]
    Renderer: NVIDIA Quadro K2100M (ID=0x11fc)
    Vendor:   
    VRAM:     2007 MB
    Driver:   23.21.13.9065
Initialize mono
Mono path[0] = 'C:/Program Files/Unity/Hub/Editor/2020.2.6f1/Editor/Data/Managed'
Mono path[1] = 'C:/Program Files/Unity/Hub/Editor/2020.2.6f1/Editor/Data/MonoBleedingEdge/lib/mono/unityjit'
Mono config path = 'C:/Program Files/Unity/Hub/Editor/2020.2.6f1/Editor/Data/MonoBleedingEdge/etc'
Using monoOptions --debugger-agent=transport=dt_socket,embedding=1,server=y,suspend=n,address=127.0.0.1:56628
Begin MonoManager ReloadAssembly
Registering precompiled unity dll's ...
Register platform support module: C:/Program Files/Unity/Hub/Editor/2020.2.6f1/Editor/Data/PlaybackEngines/WindowsStandaloneSupport/UnityEditor.WindowsStandalone.Extensions.dll
Registered in 0.002290 seconds.
Native extension for WindowsStandalone target not found
Refreshing native plugins compatible for Editor in 42.85 ms, found 1 plugins.
Preloading 0 native plugins for Editor in 0.00 ms.
Invoked RoslynAnalysisRunner static constructor.
RoslynAnalysisRunner will not be running.
RoslynAnalysisRunner has terminated.
Mono: successfully reloaded assembly
- Completed reload, in  1.340 seconds
Platform modules already initialized, skipping
Registering precompiled user dll's ...
Registered in 0.001063 seconds.
Begin MonoManager ReloadAssembly
Native extension for WindowsStandalone target not found
Refreshing native plugins compatible for Editor in 59.82 ms, found 1 plugins.
Preloading 0 native plugins for Editor in 0.00 ms.
Invoked RoslynAnalysisRunner static constructor.
RoslynAnalysisRunner will not be running.
RoslynAnalysisRunner has terminated.
Mono: successfully reloaded assembly
- Completed reload, in  1.629 seconds
Platform modules already initialized, skipping
========================================================================
Worker process is ready to serve import requests
Launched and connected shader compiler UnityShaderCompiler.exe after 0.09 seconds
Refreshing native plugins compatible for Editor in 0.47 ms, found 1 plugins.
Preloading 0 native plugins for Editor in 0.00 ms.
Unloading 1798 Unused Serialized files (Serialized files now loaded: 0)
System memory in use before: 84.4 MB.
System memory in use after: 84.4 MB.

Unloading 19 unused Assets to reduce memory usage. Loaded Objects now: 2245.
Total: 2.480100 ms (FindLiveObjects: 0.219200 ms CreateObjectMapping: 0.089400 ms MarkObjects: 2.083500 ms  DeleteObjects: 0.086300 ms)

========================================================================
Received Import Request.
  path: Assets/Stuffs/Scripts/Hero.cs
  artifactKey: Guid(f71558d0578c3f54186943ac291e83ae) Importer(815301076,1909f56bfc062723c751e8b465ee728b)
Start importing Assets/Stuffs/Scripts/Hero.cs using Guid(f71558d0578c3f54186943ac291e83ae) Importer(815301076,1909f56bfc062723c751e8b465ee728b)  -> (artifact id: '59c918ef46efa4135a030ff13d257911') in 0.039097 seconds
  Import took 0.043583 seconds .

========================================================================
Received Prepare
Refreshing native plugins compatible for Editor in 2.08 ms, found 1 plugins.
Preloading 0 native plugins for Editor in 0.00 ms.
Unloading 5 Unused Serialized files (Serialized files now loaded: 0)
System memory in use before: 48.5 MB.
System memory in use after: 48.6 MB.

Unloading 5 unused Assets to reduce memory usage. Loaded Objects now: 2245.
Total: 4.086100 ms (FindLiveObjects: 0.196000 ms CreateObjectMapping: 0.075600 ms MarkObjects: 3.796300 ms  DeleteObjects: 0.015900 ms)

========================================================================
Received Import Request.
  Time since last request: 33.118662 seconds.
  path: Assets/Stuffs/Scripts/Hero.cs
  artifactKey: Guid(f71558d0578c3f54186943ac291e83ae) Importer(815301076,1909f56bfc062723c751e8b465ee728b)
Start importing Assets/Stuffs/Scripts/Hero.cs using Guid(f71558d0578c3f54186943ac291e83ae) Importer(815301076,1909f56bfc062723c751e8b465ee728b)  -> (artifact id: 'afda81bf429d750b3d750f101eb281b8') in 0.003708 seconds
  Import took 0.007781 seconds .

========================================================================
Received Prepare
Registering precompiled user dll's ...
Registered in 0.001544 seconds.
Begin MonoManager ReloadAssembly
Native extension for WindowsStandalone target not found
Refreshing native plugins compatible for Editor in 0.41 ms, found 1 plugins.
Preloading 0 native plugins for Editor in 0.00 ms.
Invoked RoslynAnalysisRunner static constructor.
RoslynAnalysisRunner will not be running.
RoslynAnalysisRunner has terminated.
Mono: successfully reloaded assembly
- Completed reload, in  0.976 seconds
Platform modules already initialized, skipping
Refreshing native plugins compatible for Editor in 0.48 ms, found 1 plugins.
Preloading 0 native plugins for Editor in 0.00 ms.
Unloading 1788 Unused Serialized files (Serialized files now loaded: 0)
System memory in use before: 83.9 MB.
System memory in use after: 84.1 MB.

Unloading 7 unused Assets to reduce memory usage. Loaded Objects now: 2248.
Total: 3.044100 ms (FindLiveObjects: 0.367000 ms CreateObjectMapping: 0.214600 ms MarkObjects: 2.439100 ms  DeleteObjects: 0.021800 ms)

========================================================================
Received Import Request.
  Time since last request: 29.864361 seconds.
  path: Assets/Stuffs/Scripts/Obstcle.cs
  artifactKey: Guid(76fb8350036e97e44a98be10b10f4bf9) Importer(815301076,1909f56bfc062723c751e8b465ee728b)
Start importing Assets/Stuffs/Scripts/Obstcle.cs using Guid(76fb8350036e97e44a98be10b10f4bf9) Importer(815301076,1909f56bfc062723c751e8b465ee728b)  -> (artifact id: 'd828f3c5e3c06deafceed718d01b2962') in 0.013115 seconds
  Import took 0.017332 seconds .

========================================================================
Received Prepare
Registering precompiled user dll's ...
Registered in 0.001705 seconds.
Begin MonoManager ReloadAssembly
Native extension for WindowsStandalone target not found
Refreshing native plugins compatible for Editor in 0.47 ms, found 1 plugins.
Preloading 0 native plugins for Editor in 0.00 ms.
Invoked RoslynAnalysisRunner static constructor.
RoslynAnalysisRunner will not be running.
RoslynAnalysisRunner has terminated.
Mono: successfully reloaded assembly
- Completed reload, in  0.986 seconds
Platform modules already initialized, skipping
Refreshing native plugins compatible for Editor in 0.50 ms, found 1 plugins.
Preloading 0 native plugins for Editor in 0.00 ms.
Unloading 1789 Unused Serialized files (Serialized files now loaded: 0)
System memory in use before: 84.0 MB.
System memory in use after: 84.1 MB.

Unloading 7 unused Assets to reduce memory usage. Loaded Objects now: 2252.
Total: 2.811000 ms (FindLiveObjects: 0.223300 ms CreateObjectMapping: 0.095600 ms MarkObjects: 2.451600 ms  DeleteObjects: 0.038800 ms)

========================================================================
Received Prepare
Registering precompiled user dll's ...
Registered in 0.001755 seconds.
Begin MonoManager ReloadAssembly
Native extension for WindowsStandalone target not found
Refreshing native plugins compatible for Editor in 0.41 ms, found 1 plugins.
Preloading 0 native plugins for Editor in 0.00 ms.
Invoked RoslynAnalysisRunner static constructor.
RoslynAnalysisRunner will not be running.
RoslynAnalysisRunner has terminated.
Mono: successfully reloaded assembly
- Completed reload, in  0.962 seconds
Platform modules already initialized, skipping
Refreshing native plugins compatible for Editor in 0.49 ms, found 1 plugins.
Preloading 0 native plugins for Editor in 0.00 ms.
Unloading 1789 Unused Serialized files (Serialized files now loaded: 0)
System memory in use before: 84.0 MB.
System memory in use after: 84.1 MB.

Unloading 7 unused Assets to reduce memory usage. Loaded Objects now: 2255.
Total: 3.047100 ms (FindLiveObjects: 0.286100 ms CreateObjectMapping: 0.196600 ms MarkObjects: 2.539500 ms  DeleteObjects: 0.023600 ms)

========================================================================
Received Import Request.
  Time since last request: 56.773320 seconds.
  path: Assets/Stuffs/Scripts/Obstcle.cs
  artifactKey: Guid(76fb8350036e97e44a98be10b10f4bf9) Importer(815301076,1909f56bfc062723c751e8b465ee728b)
Start importing Assets/Stuffs/Scripts/Obstcle.cs using Guid(76fb8350036e97e44a98be10b10f4bf9) Importer(815301076,1909f56bfc062723c751e8b465ee728b)  -> (artifact id: '470e36a027328753737e967bce5b7808') in 0.006023 seconds
  Import took 0.009651 seconds .

========================================================================
Received Import Request.
  Time since last request: 95.223048 seconds.
  path: Assets/Stuffs/Scripts/Obstacle.cs
  artifactKey: Guid(76fb8350036e97e44a98be10b10f4bf9) Importer(815301076,1909f56bfc062723c751e8b465ee728b)
Start importing Assets/Stuffs/Scripts/Obstacle.cs using Guid(76fb8350036e97e44a98be10b10f4bf9) Importer(815301076,1909f56bfc062723c751e8b465ee728b)  -> (artifact id: 'e7668bb7311667a5ca709aa4be68e18e') in 0.009733 seconds
  Import took 0.014347 seconds .

========================================================================
Received Prepare
Registering precompiled user dll's ...
Registered in 0.001144 seconds.
Begin MonoManager ReloadAssembly
Native extension for WindowsStandalone target not found
Refreshing native plugins compatible for Editor in 0.44 ms, found 1 plugins.
Preloading 0 native plugins for Editor in 0.00 ms.
Invoked RoslynAnalysisRunner static constructor.
RoslynAnalysisRunner will not be running.
RoslynAnalysisRunner has terminated.
Mono: successfully reloaded assembly
- Completed reload, in  1.007 seconds
Platform modules already initialized, skipping
Refreshing native plugins compatible for Editor in 0.44 ms, found 1 plugins.
Preloading 0 native plugins for Editor in 0.00 ms.
Unloading 1789 Unused Serialized files (Serialized files now loaded: 0)
System memory in use before: 84.0 MB.
System memory in use after: 84.2 MB.

Unloading 7 unused Assets to reduce memory usage. Loaded Objects now: 2258.
Total: 2.670100 ms (FindLiveObjects: 0.353600 ms CreateObjectMapping: 0.088400 ms MarkObjects: 2.188000 ms  DeleteObjects: 0.038500 ms)

========================================================================
Received Import Request.
  Time since last request: 161.090514 seconds.
  path: Assets/Stuffs/Walking Monster/Idle
  artifactKey: Guid(0c5c5746a4ee3d944aeae48d40577e06) Importer(815301076,1909f56bfc062723c751e8b465ee728b)
Start importing Assets/Stuffs/Walking Monster/Idle using Guid(0c5c5746a4ee3d944aeae48d40577e06) Importer(815301076,1909f56bfc062723c751e8b465ee728b)  -> (artifact id: 'e4d8c53ce10c6705450fb7b77adfc7a5') in 0.014266 seconds
  Import took 0.018854 seconds .

========================================================================
Received Import Request.
  Time since last request: 0.001037 seconds.
  path: Assets/Stuffs/Walking Monster/Idle
  artifactKey: Guid(0c5c5746a4ee3d944aeae48d40577e06) Importer(815301076,1909f56bfc062723c751e8b465ee728b)
Start importing Assets/Stuffs/Walking Monster/Idle using Guid(0c5c5746a4ee3d944aeae48d40577e06) Importer(815301076,1909f56bfc062723c751e8b465ee728b)  -> (artifact id: 'e4d8c53ce10c6705450fb7b77adfc7a5') in 0.003120 seconds
  Import took 0.007029 seconds .

========================================================================
Received Import Request.
  Time since last request: 0.042986 seconds.
  path: Assets/Stuffs/Walking Monster/Idle/frame-1.png
  artifactKey: Guid(09366d61073a5f244acd6db60d1f3838) Importer(815301076,1909f56bfc062723c751e8b465ee728b)
Start importing Assets/Stuffs/Walking Monster/Idle/frame-1.png using Guid(09366d61073a5f244acd6db60d1f3838) Importer(815301076,1909f56bfc062723c751e8b465ee728b)  -> (artifact id: 'b98c1e9b25e163fb53d8e17564fd4fd8') in 0.102732 seconds
  Import took 0.106554 seconds .

========================================================================
Received Import Request.
  Time since last request: 0.000251 seconds.
  path: Assets/Stuffs/Walking Monster/Idle/frame-4.png
  artifactKey: Guid(2448cbc4720159a43aaa50943643695b) Importer(815301076,1909f56bfc062723c751e8b465ee728b)
Start importing Assets/Stuffs/Walking Monster/Idle/frame-4.png using Guid(2448cbc4720159a43aaa50943643695b) Importer(815301076,1909f56bfc062723c751e8b465ee728b)  -> (artifact id: 'd927241e9fbde0a5186b2179d0f7e522') in 0.027434 seconds
  Import took 0.031246 seconds .

========================================================================
Received Import Request.
  Time since last request: 0.000237 seconds.
  path: Assets/Stuffs/Walking Monster/Idle/frame-5.png
  artifactKey: Guid(3ecf3c786f9d56c468150a99b05e0d56) Importer(815301076,1909f56bfc062723c751e8b465ee728b)
Start importing Assets/Stuffs/Walking Monster/Idle/frame-5.png using Guid(3ecf3c786f9d56c468150a99b05e0d56) Importer(815301076,1909f56bfc062723c751e8b465ee728b)  -> (artifact id: '45f57a48cd87a74de081c8d7b9b039d3') in 0.028231 seconds
  Import took 0.032385 seconds .

========================================================================
Received Import Request.
  Time since last request: 0.000244 seconds.
  path: Assets/Stuffs/Walking Monster/Idle/frame-3.png
  artifactKey: Guid(2f14c5e5e267ba44ebeaa155923e74c6) Importer(815301076,1909f56bfc062723c751e8b465ee728b)
Start importing Assets/Stuffs/Walking Monster/Idle/frame-3.png using Guid(2f14c5e5e267ba44ebeaa155923e74c6) Importer(815301076,1909f56bfc062723c751e8b465ee728b)  -> (artifact id: '750442c8ee10d79033f2978257641823') in 0.028163 seconds
  Import took 0.032580 seconds .

========================================================================
Received Import Request.
  Time since last request: 0.000229 seconds.
  path: Assets/Stuffs/Walking Monster/Idle/frame-2.png
  artifactKey: Guid(2ea9ccba9dfc2da49aef0b4692fa1616) Importer(815301076,1909f56bfc062723c751e8b465ee728b)
Start importing Assets/Stuffs/Walking Monster/Idle/frame-2.png using Guid(2ea9ccba9dfc2da49aef0b4692fa1616) Importer(815301076,1909f56bfc062723c751e8b465ee728b)  -> (artifact id: 'cf5d078437b0d6019f73e203a5ea6208') in 0.031387 seconds
  Import took 0.035458 seconds .

========================================================================
Received Import Request.
  Time since last request: 0.000252 seconds.
  path: Assets/Stuffs/Walking Monster/Idle/frame-6.png
  artifactKey: Guid(b2ce60a5548e22748af9c647009b8495) Importer(815301076,1909f56bfc062723c751e8b465ee728b)
Start importing Assets/Stuffs/Walking Monster/Idle/frame-6.png using Guid(b2ce60a5548e22748af9c647009b8495) Importer(815301076,1909f56bfc062723c751e8b465ee728b)  -> (artifact id: '85df56f5b7d97be9746db9f660bd6cfd') in 0.037431 seconds
  Import took 0.041200 seconds .

========================================================================
Received Prepare
Registering precompiled user dll's ...
Registered in 0.001885 seconds.
Begin MonoManager ReloadAssembly
Native extension for WindowsStandalone target not found
Refreshing native plugins compatible for Editor in 0.44 ms, found 1 plugins.
Preloading 0 native plugins for Editor in 0.00 ms.
Invoked RoslynAnalysisRunner static constructor.
RoslynAnalysisRunner will not be running.
RoslynAnalysisRunner has terminated.
Mono: successfully reloaded assembly
- Completed reload, in  0.945 seconds
Platform modules already initialized, skipping
Refreshing native plugins compatible for Editor in 0.51 ms, found 1 plugins.
Preloading 0 native plugins for Editor in 0.00 ms.
Unloading 1789 Unused Serialized files (Serialized files now loaded: 0)
System memory in use before: 87.1 MB.
System memory in use after: 87.3 MB.

Unloading 7 unused Assets to reduce memory usage. Loaded Objects now: 2267.
Total: 2.756100 ms (FindLiveObjects: 0.291400 ms CreateObjectMapping: 0.092900 ms MarkObjects: 2.352800 ms  DeleteObjects: 0.017500 ms)

AssetImportWorkerClient::OnTransportError - code=2 error=End of file
